<?xml version="1.0" encoding="UTF-8"?>
<testng-results total="1" passed="1" failed="0" skipped="0">
  <reporter-output>
    <line>
      <![CDATA[<div "result">I navigate to Google home page (PASSED : 7s)</div>]]>
    </line>
    <line>
      <![CDATA[<div "result">I enter &quot;Cheese&quot; in search box (PASSED : 0s)</div>]]>
    </line>
    <line>
      <![CDATA[<div "result">I press enter (PASSED : 0s)</div>]]>
    </line>
    <line>
      <![CDATA[<div "result">I get results page (PASSED : 0s)</div>]]>
    </line>
  </reporter-output>
  <suite started-at="2018-08-14T23:06:57Z" name="Runners.LoginTest" finished-at="2018-08-14T23:07:05Z" duration-ms="8280">
    <groups>
      <group name="cucumber">
        <method signature="AbstractTestNGCucumberTests.runScenario(cucumber.api.testng.PickleEventWrapper, cucumber.api.testng.CucumberFeatureWrapper)[pri:0, instance:Runners.LoginTest@635eaaf1]" name="runScenario" class="cucumber.api.testng.AbstractTestNGCucumberTests"/>
      </group> <!-- cucumber -->
    </groups>
    <test started-at="2018-08-14T23:06:57Z" name="Command line test" finished-at="2018-08-14T23:07:05Z" duration-ms="8280">
      <class name="Runners.LoginTest">
        <test-method is-config="true" signature="setUpClass()[pri:0, instance:Runners.LoginTest@635eaaf1]" started-at="2018-08-15T11:06:57Z" name="setUpClass" finished-at="2018-08-15T11:06:57Z" duration-ms="176" status="PASS">
          <reporter-output>
          </reporter-output>
        </test-method> <!-- setUpClass -->
        <test-method signature="runScenario(cucumber.api.testng.PickleEventWrapper, cucumber.api.testng.CucumberFeatureWrapper)[pri:0, instance:Runners.LoginTest@635eaaf1]" started-at="2018-08-15T11:06:57Z" name="runScenario" description="Runs Cucumber Scenarios" data-provider="scenarios" finished-at="2018-08-15T11:07:05Z" duration-ms="8052" status="PASS">
          <params>
            <param index="0">
              <value>
                <![CDATA["I test if Google search is working"]]>
              </value>
            </param>
            <param index="1">
              <value>
                <![CDATA["To test my cucumber test is running"]]>
              </value>
            </param>
          </params>
          <reporter-output>
            <line>
              <![CDATA[<div "result">I navigate to Google home page (PASSED : 7s)</div>]]>
            </line>
            <line>
              <![CDATA[<div "result">I enter &quot;Cheese&quot; in search box (PASSED : 0s)</div>]]>
            </line>
            <line>
              <![CDATA[<div "result">I press enter (PASSED : 0s)</div>]]>
            </line>
            <line>
              <![CDATA[<div "result">I get results page (PASSED : 0s)</div>]]>
            </line>
          </reporter-output>
        </test-method> <!-- runScenario -->
        <test-method is-config="true" signature="tearDownClass()[pri:0, instance:Runners.LoginTest@635eaaf1]" started-at="2018-08-15T11:07:05Z" name="tearDownClass" finished-at="2018-08-15T11:07:05Z" duration-ms="18" status="PASS">
          <reporter-output>
          </reporter-output>
        </test-method> <!-- tearDownClass -->
      </class> <!-- Runners.LoginTest -->
    </test> <!-- Command line test -->
  </suite> <!-- Runners.LoginTest -->
</testng-results>
